[0123/185133.894:ERROR:dxva_video_decode_accelerator_win.cc(1426)] DXVAVDA fatal error: Could not load mf.dll: The specified module could not be found. (0x7E)
[0123/185205.670:INFO:CONSOLE(7)] "Another connection wants to delete database 'wawc'. Closing db now to resume the delete request.", source: https://web.whatsapp.com/vendor1~app.0c8e960e5dfd7020f562.js (7)
[0123/185308.961:INFO:CONSOLE(1)] "Uncaught (in promise) TypeError: Failed to execute 'put' on 'Cache': Partial response (status code 206) is unsupported", source: https://web.whatsapp.com/serviceworker.js (1)
[0123/185308.980:INFO:CONSOLE(1)] "Uncaught (in promise) TypeError: Failed to execute 'put' on 'Cache': Partial response (status code 206) is unsupported", source: https://web.whatsapp.com/serviceworker.js (1)
[0123/185602.949:INFO:CONSOLE(22)] "Warning: TT: undefined function: 22", source: https://web.whatsapp.com/pdf.worker.96d1bc1f3d0105cd5a81bae7a9dad228.js (22)
[0123/191528.461:INFO:CONSOLE(1)] "Another connection wants to delete database 'wawc_db_enc'. Closing db now to resume the delete request.", source: https://web.whatsapp.com/WAWebWorker.170f29362184e5aefcce.worker.js (1)
[0123/191528.461:INFO:CONSOLE(7)] "Another connection wants to delete database 'wawc_db_enc'. Closing db now to resume the delete request.", source: https://web.whatsapp.com/vendor1~app.0c8e960e5dfd7020f562.js (7)
[0123/191531.419:INFO:CONSOLE(1)] "Another connection wants to delete database 'model-storage'. Closing db now to resume the delete request.", source: https://web.whatsapp.com/WAWebWorker.170f29362184e5aefcce.worker.js (1)
[0123/191531.742:INFO:CONSOLE(1)] "Another connection wants to delete database 'fts-storage'. Closing db now to resume the delete request.", source: https://web.whatsapp.com/WAWebWorker.170f29362184e5aefcce.worker.js (1)
[0123/191543.251:ERROR:cache_util_win.cc(20)] Unable to move the cache: Access is denied. (0x5)
[0123/191543.328:ERROR:cache_util.cc(146)] Unable to move cache folder C:\Users\GOD\Desktop\wp-btn\bot-zdg\.wwebjs_auth\session\Default\GPUCache to C:\Users\GOD\Desktop\wp-btn\bot-zdg\.wwebjs_auth\session\Default\old_GPUCache_000
[0123/191543.328:ERROR:disk_cache.cc(192)] Unable to create cache
[0123/191543.329:ERROR:shader_disk_cache.cc(612)] Shader Cache Creation failed: -2
[0123/191543.241:ERROR:cache_util_win.cc(20)] Unable to move the cache: Access is denied. (0x5)
[0123/191543.331:ERROR:cache_util.cc(146)] Unable to move cache folder C:\Users\GOD\Desktop\wp-btn\bot-zdg\.wwebjs_auth\session\Default\GPUCache to C:\Users\GOD\Desktop\wp-btn\bot-zdg\.wwebjs_auth\session\Default\old_GPUCache_000
[0123/191543.332:ERROR:disk_cache.cc(192)] Unable to create cache
[0123/191543.333:ERROR:shader_disk_cache.cc(612)] Shader Cache Creation failed: -2
[0123/191544.000:ERROR:dxva_video_decode_accelerator_win.cc(1426)] DXVAVDA fatal error: Could not load mf.dll: The specified module could not be found. (0x7E)
[0123/191544.008:ERROR:dxva_video_decode_accelerator_win.cc(1426)] DXVAVDA fatal error: Could not load mf.dll: The specified module could not be found. (0x7E)
[0123/191544.025:ERROR:command_buffer_proxy_impl.cc(125)] ContextResult::kTransientFailure: Failed to send GpuControl.CreateCommandBuffer.
[0123/191545.124:ERROR:cache_util_win.cc(20)] Unable to move the cache: Access is denied. (0x5)
[0123/191545.124:ERROR:cache_util.cc(146)] Unable to move cache folder C:\Users\GOD\Desktop\wp-btn\bot-zdg\.wwebjs_auth\session\Default\Cache\Cache_Data to C:\Users\GOD\Desktop\wp-btn\bot-zdg\.wwebjs_auth\session\Default\Cache\old_Cache_Data_000
[0123/191545.124:ERROR:disk_cache.cc(192)] Unable to create cache
[0123/191545.902:ERROR:service_worker_storage.cc(1904)] Failed to delete the database: Database IO error
[0123/191551.535:ERROR:leveldb_factory.cc(88)] Failed to open LevelDB database from C:\Users\GOD\Desktop\wp-btn\bot-zdg\.wwebjs_auth\session\Default\IndexedDB\https_web.whatsapp.com_0.indexeddb.leveldb,IO error: C:\Users\GOD\Desktop\wp-btn\bot-zdg\.wwebjs_auth\session\Default\IndexedDB\https_web.whatsapp.com_0.indexeddb.leveldb/LOCK: File currently in use. (ChromeMethodBFE: 15::LockFile::2)
[0123/191552.839:INFO:CONSOLE(7)] "Another connection wants to delete database 'wawc'. Closing db now to resume the delete request.", source: https://web.whatsapp.com/vendor1~app.0c8e960e5dfd7020f562.js (7)
[0123/191553.553:ERROR:leveldb_factory.cc(88)] Failed to open LevelDB database from C:\Users\GOD\Desktop\wp-btn\bot-zdg\.wwebjs_auth\session\Default\IndexedDB\https_web.whatsapp.com_0.indexeddb.leveldb,IO error: C:\Users\GOD\Desktop\wp-btn\bot-zdg\.wwebjs_auth\session\Default\IndexedDB\https_web.whatsapp.com_0.indexeddb.leveldb/LOCK: File currently in use. (ChromeMethodBFE: 15::LockFile::2)
[0123/191555.588:ERROR:leveldb_factory.cc(88)] Failed to open LevelDB database from C:\Users\GOD\Desktop\wp-btn\bot-zdg\.wwebjs_auth\session\Default\IndexedDB\https_web.whatsapp.com_0.indexeddb.leveldb,IO error: C:\Users\GOD\Desktop\wp-btn\bot-zdg\.wwebjs_auth\session\Default\IndexedDB\https_web.whatsapp.com_0.indexeddb.leveldb/LOCK: File currently in use. (ChromeMethodBFE: 15::LockFile::2)
[0123/191557.607:ERROR:leveldb_factory.cc(88)] Failed to open LevelDB database from C:\Users\GOD\Desktop\wp-btn\bot-zdg\.wwebjs_auth\session\Default\IndexedDB\https_web.whatsapp.com_0.indexeddb.leveldb,IO error: C:\Users\GOD\Desktop\wp-btn\bot-zdg\.wwebjs_auth\session\Default\IndexedDB\https_web.whatsapp.com_0.indexeddb.leveldb/LOCK: File currently in use. (ChromeMethodBFE: 15::LockFile::2)
[0123/191559.680:ERROR:leveldb_factory.cc(88)] Failed to open LevelDB database from C:\Users\GOD\Desktop\wp-btn\bot-zdg\.wwebjs_auth\session\Default\IndexedDB\https_web.whatsapp.com_0.indexeddb.leveldb,IO error: C:\Users\GOD\Desktop\wp-btn\bot-zdg\.wwebjs_auth\session\Default\IndexedDB\https_web.whatsapp.com_0.indexeddb.leveldb/LOCK: File currently in use. (ChromeMethodBFE: 15::LockFile::2)
[0123/191601.700:ERROR:leveldb_factory.cc(88)] Failed to open LevelDB database from C:\Users\GOD\Desktop\wp-btn\bot-zdg\.wwebjs_auth\session\Default\IndexedDB\https_web.whatsapp.com_0.indexeddb.leveldb,IO error: C:\Users\GOD\Desktop\wp-btn\bot-zdg\.wwebjs_auth\session\Default\IndexedDB\https_web.whatsapp.com_0.indexeddb.leveldb/LOCK: File currently in use. (ChromeMethodBFE: 15::LockFile::2)
[0123/191603.838:ERROR:leveldb_factory.cc(88)] Failed to open LevelDB database from C:\Users\GOD\Desktop\wp-btn\bot-zdg\.wwebjs_auth\session\Default\IndexedDB\https_web.whatsapp.com_0.indexeddb.leveldb,IO error: C:\Users\GOD\Desktop\wp-btn\bot-zdg\.wwebjs_auth\session\Default\IndexedDB\https_web.whatsapp.com_0.indexeddb.leveldb/LOCK: File currently in use. (ChromeMethodBFE: 15::LockFile::2)
[0123/191605.898:ERROR:leveldb_factory.cc(88)] Failed to open LevelDB database from C:\Users\GOD\Desktop\wp-btn\bot-zdg\.wwebjs_auth\session\Default\IndexedDB\https_web.whatsapp.com_0.indexeddb.leveldb,IO error: C:\Users\GOD\Desktop\wp-btn\bot-zdg\.wwebjs_auth\session\Default\IndexedDB\https_web.whatsapp.com_0.indexeddb.leveldb/LOCK: File currently in use. (ChromeMethodBFE: 15::LockFile::2)
[0123/191608.041:ERROR:leveldb_factory.cc(88)] Failed to open LevelDB database from C:\Users\GOD\Desktop\wp-btn\bot-zdg\.wwebjs_auth\session\Default\IndexedDB\https_web.whatsapp.com_0.indexeddb.leveldb,IO error: C:\Users\GOD\Desktop\wp-btn\bot-zdg\.wwebjs_auth\session\Default\IndexedDB\https_web.whatsapp.com_0.indexeddb.leveldb/LOCK: File currently in use. (ChromeMethodBFE: 15::LockFile::2)
[0123/191610.101:ERROR:leveldb_factory.cc(88)] Failed to open LevelDB database from C:\Users\GOD\Desktop\wp-btn\bot-zdg\.wwebjs_auth\session\Default\IndexedDB\https_web.whatsapp.com_0.indexeddb.leveldb,IO error: C:\Users\GOD\Desktop\wp-btn\bot-zdg\.wwebjs_auth\session\Default\IndexedDB\https_web.whatsapp.com_0.indexeddb.leveldb/LOCK: File currently in use. (ChromeMethodBFE: 15::LockFile::2)
[0123/191612.218:ERROR:leveldb_factory.cc(88)] Failed to open LevelDB database from C:\Users\GOD\Desktop\wp-btn\bot-zdg\.wwebjs_auth\session\Default\IndexedDB\https_web.whatsapp.com_0.indexeddb.leveldb,IO error: C:\Users\GOD\Desktop\wp-btn\bot-zdg\.wwebjs_auth\session\Default\IndexedDB\https_web.whatsapp.com_0.indexeddb.leveldb/LOCK: File currently in use. (ChromeMethodBFE: 15::LockFile::2)
[0123/191612.770:ERROR:sandbox_origin_database.cc(190)] SandboxOriginDatabase failed at: Init@storage/browser/file_system/sandbox_origin_database.cc:94 with error: IO error: C:\Users\GOD\Desktop\wp-btn\bot-zdg\.wwebjs_auth\session\Default\File System\Origins/LOCK: File currently in use. (ChromeMethodBFE: 15::LockFile::2)
[0123/191612.770:WARNING:sandbox_origin_database.cc(106)] Attempting to repair SandboxOriginDatabase.
[0123/191614.341:ERROR:leveldb_factory.cc(88)] Failed to open LevelDB database from C:\Users\GOD\Desktop\wp-btn\bot-zdg\.wwebjs_auth\session\Default\IndexedDB\https_web.whatsapp.com_0.indexeddb.leveldb,IO error: C:\Users\GOD\Desktop\wp-btn\bot-zdg\.wwebjs_auth\session\Default\IndexedDB\https_web.whatsapp.com_0.indexeddb.leveldb/LOCK: File currently in use. (ChromeMethodBFE: 15::LockFile::2)
[0123/191616.475:ERROR:leveldb_factory.cc(88)] Failed to open LevelDB database from C:\Users\GOD\Desktop\wp-btn\bot-zdg\.wwebjs_auth\session\Default\IndexedDB\https_web.whatsapp.com_0.indexeddb.leveldb,IO error: C:\Users\GOD\Desktop\wp-btn\bot-zdg\.wwebjs_auth\session\Default\IndexedDB\https_web.whatsapp.com_0.indexeddb.leveldb/LOCK: File currently in use. (ChromeMethodBFE: 15::LockFile::2)
[0123/191617.097:WARNING:sandbox_origin_database.cc(140)] Failed to repair SandboxOriginDatabase.
[0123/191618.530:ERROR:leveldb_factory.cc(88)] Failed to open LevelDB database from C:\Users\GOD\Desktop\wp-btn\bot-zdg\.wwebjs_auth\session\Default\IndexedDB\https_web.whatsapp.com_0.indexeddb.leveldb,IO error: C:\Users\GOD\Desktop\wp-btn\bot-zdg\.wwebjs_auth\session\Default\IndexedDB\https_web.whatsapp.com_0.indexeddb.leveldb/LOCK: File currently in use. (ChromeMethodBFE: 15::LockFile::2)
[0123/191619.179:ERROR:sandbox_origin_database.cc(190)] SandboxOriginDatabase failed at: Init@storage/browser/file_system/sandbox_origin_database.cc:94 with error: IO error: C:\Users\GOD\Desktop\wp-btn\bot-zdg\.wwebjs_auth\session\Default\File System\Origins/LOCK: File currently in use. (ChromeMethodBFE: 15::LockFile::2)
[0123/191619.180:WARNING:sandbox_origin_database.cc(106)] Attempting to repair SandboxOriginDatabase.
[0123/191620.558:ERROR:leveldb_factory.cc(88)] Failed to open LevelDB database from C:\Users\GOD\Desktop\wp-btn\bot-zdg\.wwebjs_auth\session\Default\IndexedDB\https_web.whatsapp.com_0.indexeddb.leveldb,IO error: C:\Users\GOD\Desktop\wp-btn\bot-zdg\.wwebjs_auth\session\Default\IndexedDB\https_web.whatsapp.com_0.indexeddb.leveldb/LOCK: File currently in use. (ChromeMethodBFE: 15::LockFile::2)
[0123/191622.598:ERROR:leveldb_factory.cc(88)] Failed to open LevelDB database from C:\Users\GOD\Desktop\wp-btn\bot-zdg\.wwebjs_auth\session\Default\IndexedDB\https_web.whatsapp.com_0.indexeddb.leveldb,IO error: C:\Users\GOD\Desktop\wp-btn\bot-zdg\.wwebjs_auth\session\Default\IndexedDB\https_web.whatsapp.com_0.indexeddb.leveldb/LOCK: File currently in use. (ChromeMethodBFE: 15::LockFile::2)
[0123/191623.320:WARNING:sandbox_origin_database.cc(140)] Failed to repair SandboxOriginDatabase.
[0123/191624.612:ERROR:leveldb_factory.cc(88)] Failed to open LevelDB database from C:\Users\GOD\Desktop\wp-btn\bot-zdg\.wwebjs_auth\session\Default\IndexedDB\https_web.whatsapp.com_0.indexeddb.leveldb,IO error: C:\Users\GOD\Desktop\wp-btn\bot-zdg\.wwebjs_auth\session\Default\IndexedDB\https_web.whatsapp.com_0.indexeddb.leveldb/LOCK: File currently in use. (ChromeMethodBFE: 15::LockFile::2)
[0123/191625.334:ERROR:sandbox_origin_database.cc(190)] SandboxOriginDatabase failed at: Init@storage/browser/file_system/sandbox_origin_database.cc:94 with error: IO error: C:\Users\GOD\Desktop\wp-btn\bot-zdg\.wwebjs_auth\session\Default\File System\Origins/LOCK: File currently in use. (ChromeMethodBFE: 15::LockFile::2)
[0123/191625.334:WARNING:sandbox_origin_database.cc(106)] Attempting to repair SandboxOriginDatabase.
[0123/191626.629:ERROR:leveldb_factory.cc(88)] Failed to open LevelDB database from C:\Users\GOD\Desktop\wp-btn\bot-zdg\.wwebjs_auth\session\Default\IndexedDB\https_web.whatsapp.com_0.indexeddb.leveldb,IO error: C:\Users\GOD\Desktop\wp-btn\bot-zdg\.wwebjs_auth\session\Default\IndexedDB\https_web.whatsapp.com_0.indexeddb.leveldb/LOCK: File currently in use. (ChromeMethodBFE: 15::LockFile::2)
[0123/191628.651:ERROR:leveldb_factory.cc(88)] Failed to open LevelDB database from C:\Users\GOD\Desktop\wp-btn\bot-zdg\.wwebjs_auth\session\Default\IndexedDB\https_web.whatsapp.com_0.indexeddb.leveldb,IO error: C:\Users\GOD\Desktop\wp-btn\bot-zdg\.wwebjs_auth\session\Default\IndexedDB\https_web.whatsapp.com_0.indexeddb.leveldb/LOCK: File currently in use. (ChromeMethodBFE: 15::LockFile::2)
[0123/191629.481:WARNING:sandbox_origin_database.cc(140)] Failed to repair SandboxOriginDatabase.
[0123/191630.672:ERROR:leveldb_factory.cc(88)] Failed to open LevelDB database from C:\Users\GOD\Desktop\wp-btn\bot-zdg\.wwebjs_auth\session\Default\IndexedDB\https_web.whatsapp.com_0.indexeddb.leveldb,IO error: C:\Users\GOD\Desktop\wp-btn\bot-zdg\.wwebjs_auth\session\Default\IndexedDB\https_web.whatsapp.com_0.indexeddb.leveldb/LOCK: File currently in use. (ChromeMethodBFE: 15::LockFile::2)
[0123/191632.695:ERROR:leveldb_factory.cc(88)] Failed to open LevelDB database from C:\Users\GOD\Desktop\wp-btn\bot-zdg\.wwebjs_auth\session\Default\IndexedDB\https_web.whatsapp.com_0.indexeddb.leveldb,IO error: C:\Users\GOD\Desktop\wp-btn\bot-zdg\.wwebjs_auth\session\Default\IndexedDB\https_web.whatsapp.com_0.indexeddb.leveldb/LOCK: File currently in use. (ChromeMethodBFE: 15::LockFile::2)
[0123/191634.706:ERROR:leveldb_factory.cc(88)] Failed to open LevelDB database from C:\Users\GOD\Desktop\wp-btn\bot-zdg\.wwebjs_auth\session\Default\IndexedDB\https_web.whatsapp.com_0.indexeddb.leveldb,IO error: C:\Users\GOD\Desktop\wp-btn\bot-zdg\.wwebjs_auth\session\Default\IndexedDB\https_web.whatsapp.com_0.indexeddb.leveldb/LOCK: File currently in use. (ChromeMethodBFE: 15::LockFile::2)
[0123/191636.738:ERROR:leveldb_factory.cc(88)] Failed to open LevelDB database from C:\Users\GOD\Desktop\wp-btn\bot-zdg\.wwebjs_auth\session\Default\IndexedDB\https_web.whatsapp.com_0.indexeddb.leveldb,IO error: C:\Users\GOD\Desktop\wp-btn\bot-zdg\.wwebjs_auth\session\Default\IndexedDB\https_web.whatsapp.com_0.indexeddb.leveldb/LOCK: File currently in use. (ChromeMethodBFE: 15::LockFile::2)
[0123/191638.829:ERROR:leveldb_factory.cc(88)] Failed to open LevelDB database from C:\Users\GOD\Desktop\wp-btn\bot-zdg\.wwebjs_auth\session\Default\IndexedDB\https_web.whatsapp.com_0.indexeddb.leveldb,IO error: C:\Users\GOD\Desktop\wp-btn\bot-zdg\.wwebjs_auth\session\Default\IndexedDB\https_web.whatsapp.com_0.indexeddb.leveldb/LOCK: File currently in use. (ChromeMethodBFE: 15::LockFile::2)
[0123/191640.851:ERROR:leveldb_factory.cc(88)] Failed to open LevelDB database from C:\Users\GOD\Desktop\wp-btn\bot-zdg\.wwebjs_auth\session\Default\IndexedDB\https_web.whatsapp.com_0.indexeddb.leveldb,IO error: C:\Users\GOD\Desktop\wp-btn\bot-zdg\.wwebjs_auth\session\Default\IndexedDB\https_web.whatsapp.com_0.indexeddb.leveldb/LOCK: File currently in use. (ChromeMethodBFE: 15::LockFile::2)
[0123/191642.897:ERROR:leveldb_factory.cc(88)] Failed to open LevelDB database from C:\Users\GOD\Desktop\wp-btn\bot-zdg\.wwebjs_auth\session\Default\IndexedDB\https_web.whatsapp.com_0.indexeddb.leveldb,IO error: C:\Users\GOD\Desktop\wp-btn\bot-zdg\.wwebjs_auth\session\Default\IndexedDB\https_web.whatsapp.com_0.indexeddb.leveldb/LOCK: File currently in use. (ChromeMethodBFE: 15::LockFile::2)
[0123/191644.952:ERROR:leveldb_factory.cc(88)] Failed to open LevelDB database from C:\Users\GOD\Desktop\wp-btn\bot-zdg\.wwebjs_auth\session\Default\IndexedDB\https_web.whatsapp.com_0.indexeddb.leveldb,IO error: C:\Users\GOD\Desktop\wp-btn\bot-zdg\.wwebjs_auth\session\Default\IndexedDB\https_web.whatsapp.com_0.indexeddb.leveldb/LOCK: File currently in use. (ChromeMethodBFE: 15::LockFile::2)
[0123/191647.011:ERROR:leveldb_factory.cc(88)] Failed to open LevelDB database from C:\Users\GOD\Desktop\wp-btn\bot-zdg\.wwebjs_auth\session\Default\IndexedDB\https_web.whatsapp.com_0.indexeddb.leveldb,IO error: C:\Users\GOD\Desktop\wp-btn\bot-zdg\.wwebjs_auth\session\Default\IndexedDB\https_web.whatsapp.com_0.indexeddb.leveldb/LOCK: File currently in use. (ChromeMethodBFE: 15::LockFile::2)
[0123/191649.028:ERROR:leveldb_factory.cc(88)] Failed to open LevelDB database from C:\Users\GOD\Desktop\wp-btn\bot-zdg\.wwebjs_auth\session\Default\IndexedDB\https_web.whatsapp.com_0.indexeddb.leveldb,IO error: C:\Users\GOD\Desktop\wp-btn\bot-zdg\.wwebjs_auth\session\Default\IndexedDB\https_web.whatsapp.com_0.indexeddb.leveldb/LOCK: File currently in use. (ChromeMethodBFE: 15::LockFile::2)
[0123/191651.065:ERROR:leveldb_factory.cc(88)] Failed to open LevelDB database from C:\Users\GOD\Desktop\wp-btn\bot-zdg\.wwebjs_auth\session\Default\IndexedDB\https_web.whatsapp.com_0.indexeddb.leveldb,IO error: C:\Users\GOD\Desktop\wp-btn\bot-zdg\.wwebjs_auth\session\Default\IndexedDB\https_web.whatsapp.com_0.indexeddb.leveldb/LOCK: File currently in use. (ChromeMethodBFE: 15::LockFile::2)
